#This file was generated using SimGrid-3.35.0
#[./build/bin/main platforms/cluster_crossbar.xml -p 2 -q 2 -n 10 -b 5 --algorithm p2p --niter 2 -c -v ]
%EventDef PajeDefineContainerType 0
%       Alias string
%       Type string
%       Name string
%EndEventDef
%EventDef PajeDefineVariableType 1
%       Alias string
%       Type string
%       Name string
%       Color color
%EndEventDef
%EventDef PajeDefineStateType 2
%       Alias string
%       Type string
%       Name string
%EndEventDef
%EventDef PajeDefineEventType 3
%       Alias string
%       Type string
%       Name string
%EndEventDef
%EventDef PajeDefineLinkType 4
%       Alias string
%       Type string
%       StartContainerType string
%       EndContainerType string
%       Name string
%EndEventDef
%EventDef PajeDefineEntityValue 5
%       Alias string
%       Type string
%       Name string
%       Color color
%EndEventDef
%EventDef PajeCreateContainer 6
%       Time date
%       Alias string
%       Type string
%       Container string
%       Name string
%EndEventDef
%EventDef PajeDestroyContainer 7
%       Time date
%       Type string
%       Name string
%EndEventDef
%EventDef PajeSetVariable 8
%       Time date
%       Type string
%       Container string
%       Value double
%EndEventDef
%EventDef PajeAddVariable 9
%       Time date
%       Type string
%       Container string
%       Value double
%EndEventDef
%EventDef PajeSubVariable 10
%       Time date
%       Type string
%       Container string
%       Value double
%EndEventDef
%EventDef PajeSetState 11
%       Time date
%       Type string
%       Container string
%       Value string
%EndEventDef
%EventDef PajePushState 12
%       Time date
%       Type string
%       Container string
%       Value string
%EndEventDef
%EventDef PajePopState 13
%       Time date
%       Type string
%       Container string
%EndEventDef
%EventDef PajeResetState 14
%       Time date
%       Type string
%       Container string
%EndEventDef
%EventDef PajeStartLink 15
%       Time date
%       Type string
%       Container string
%       Value string
%       StartContainer string
%       Key string
%EndEventDef
%EventDef PajeEndLink 16
%       Time date
%       Type string
%       Container string
%       Value string
%       EndContainer string
%       Key string
%EndEventDef
%EventDef PajeNewEvent 17
%       Time date
%       Type string
%       Container string
%       Value string
%EndEventDef
0 1 0 MPI
2 2 1 MPI_STATE
4 3 0 1 1 MPI_LINK
4 4 0 1 1 MIGRATE_LINK
2 5 1 MIGRATE_STATE
6 0.000000 1 1 0 "rank-0"
6 0.000000 2 1 0 "rank-1"
6 0.000000 3 1 0 "rank-2"
6 0.000000 4 1 0 "rank-3"
5 6 2 PMPI_Init "0 1 0"
12 0.000000 2 1 6
13 0.000000 2 1
12 0.000000 2 2 6
13 0.000000 2 2
12 0.000000 2 3 6
13 0.000000 2 3
12 0.000000 2 4 6
13 0.000000 2 4
5 7 2 PMPI_Barrier "0 0.39 0.78"
5 8 2 PMPI_Ssend "0 0 1"
5 9 2 PMPI_Recv "1 0 0"
5 10 2 PMPI_Send "0 0 1"
5 11 2 PMPI_Finalize "0 1 0"
12 0.000000 2 4 7
12 0.000000 2 2 7
12 0.000000 2 3 7
12 0.000000 2 1 7
13 0.000024 2 1
12 0.000024 2 1 7
13 0.000048 2 4
13 0.000048 2 3
13 0.000048 2 2
12 0.000048 2 3 7
12 0.000048 2 2 7
12 0.000048 2 4 7
13 0.000072 2 1
12 0.000072 2 1 8
15 0.000072 3 0 PTP 1 1_2_0_1
13 0.000096 2 4
13 0.000096 2 3
13 0.000096 2 2
12 0.000096 2 3 8
15 0.000096 3 0 PTP 3 3_4_0_2
12 0.000096 2 2 9
12 0.000096 2 4 9
13 0.000125 2 1
16 0.000125 3 0 PTP 2 1_2_0_1
13 0.000125 2 2
13 0.000125 2 3
16 0.000125 3 0 PTP 4 3_4_0_2
13 0.000125 2 4
12 0.000125 2 3 8
15 0.000125 3 0 PTP 3 3_4_0_3
12 0.000125 2 4 9
12 0.000125 2 1 8
15 0.000125 3 0 PTP 1 1_2_0_4
12 0.000125 2 2 9
13 0.000154 2 3
16 0.000154 3 0 PTP 4 3_4_0_3
13 0.000154 2 4
13 0.000154 2 1
16 0.000154 3 0 PTP 2 1_2_0_4
13 0.000154 2 2
12 0.000154 2 2 8
15 0.000154 3 0 PTP 2 2_4_1_5
12 0.000154 2 3 9
12 0.000154 2 1 8
15 0.000154 3 0 PTP 1 1_3_1_6
12 0.000154 2 4 9
16 0.000184 3 0 PTP 3 1_3_1_6
13 0.000184 2 3
13 0.000184 2 1
13 0.000184 2 2
16 0.000184 3 0 PTP 4 2_4_1_5
13 0.000184 2 4
12 0.000184 2 1 9
12 0.000184 2 2 8
15 0.000184 3 0 PTP 2 2_1_0_7
12 0.000184 2 4 8
15 0.000184 3 0 PTP 4 4_3_0_8
12 0.000184 2 3 9
16 0.000213 3 0 PTP 1 2_1_0_7
13 0.000213 2 1
13 0.000213 2 2
13 0.000213 2 4
16 0.000213 3 0 PTP 3 4_3_0_8
13 0.000213 2 3
12 0.000213 2 4 8
15 0.000213 3 0 PTP 4 4_3_0_9
12 0.000213 2 3 9
12 0.000213 2 2 8
15 0.000213 3 0 PTP 2 2_1_0_10
12 0.000213 2 1 9
13 0.000242 2 4
16 0.000242 3 0 PTP 3 4_3_0_9
13 0.000242 2 3
13 0.000242 2 2
16 0.000242 3 0 PTP 1 2_1_0_10
13 0.000242 2 1
12 0.000242 2 1 9
12 0.000242 2 4 8
15 0.000242 3 0 PTP 4 4_2_1_11
12 0.000242 2 3 8
15 0.000242 3 0 PTP 3 3_1_1_12
12 0.000242 2 2 9
16 0.000271 3 0 PTP 1 3_1_1_12
13 0.000271 2 1
13 0.000271 2 3
13 0.000271 2 4
16 0.000271 3 0 PTP 2 4_2_1_11
13 0.000271 2 2
12 0.000271 2 2 9
12 0.000271 2 4 9
12 0.000271 2 1 8
15 0.000271 3 0 PTP 1 1_2_0_13
12 0.000271 2 3 8
15 0.000271 3 0 PTP 3 3_4_0_14
16 0.000301 3 0 PTP 2 1_2_0_13
13 0.000301 2 2
13 0.000301 2 1
16 0.000301 3 0 PTP 4 3_4_0_14
13 0.000301 2 4
13 0.000301 2 3
12 0.000301 2 3 8
15 0.000301 3 0 PTP 3 3_4_0_15
12 0.000301 2 1 8
15 0.000301 3 0 PTP 1 1_2_0_16
12 0.000301 2 4 9
12 0.000301 2 2 9
13 0.000330 2 3
16 0.000330 3 0 PTP 4 3_4_0_15
13 0.000330 2 4
13 0.000330 2 1
16 0.000330 3 0 PTP 2 1_2_0_16
13 0.000330 2 2
12 0.000330 2 4 9
12 0.000330 2 1 8
15 0.000330 3 0 PTP 1 1_3_1_17
12 0.000330 2 2 8
15 0.000330 3 0 PTP 2 2_4_1_18
12 0.000330 2 3 9
16 0.000359 3 0 PTP 4 2_4_1_18
13 0.000359 2 4
13 0.000359 2 2
13 0.000359 2 1
16 0.000359 3 0 PTP 3 1_3_1_17
13 0.000359 2 3
12 0.000359 2 1 9
12 0.000359 2 3 9
12 0.000359 2 4 8
15 0.000359 3 0 PTP 4 4_3_0_19
12 0.000359 2 2 8
15 0.000359 3 0 PTP 2 2_1_0_20
16 0.000389 3 0 PTP 3 4_3_0_19
13 0.000389 2 3
13 0.000389 2 4
16 0.000389 3 0 PTP 1 2_1_0_20
13 0.000389 2 1
13 0.000389 2 2
12 0.000389 2 1 9
12 0.000389 2 4 8
15 0.000389 3 0 PTP 4 4_3_0_21
12 0.000389 2 2 8
15 0.000389 3 0 PTP 2 2_1_0_22
12 0.000389 2 3 9
16 0.000418 3 0 PTP 1 2_1_0_22
13 0.000418 2 1
13 0.000418 2 2
13 0.000418 2 4
16 0.000418 3 0 PTP 3 4_3_0_21
13 0.000418 2 3
12 0.000418 2 4 8
15 0.000418 3 0 PTP 4 4_2_1_23
12 0.000418 2 3 8
15 0.000418 3 0 PTP 3 3_1_1_24
12 0.000418 2 1 9
12 0.000418 2 2 9
13 0.000447 2 3
16 0.000447 3 0 PTP 1 3_1_1_24
13 0.000447 2 1
13 0.000447 2 4
16 0.000447 3 0 PTP 2 4_2_1_23
13 0.000447 2 2
12 0.000447 2 4 7
12 0.000447 2 2 7
12 0.000447 2 3 7
12 0.000447 2 1 7
13 0.000471 2 1
12 0.000471 2 1 7
13 0.000495 2 4
13 0.000495 2 3
13 0.000495 2 2
12 0.000495 2 4 7
12 0.000495 2 3 7
12 0.000495 2 2 7
13 0.000519 2 1
12 0.000519 2 1 9
13 0.000543 2 4
13 0.000543 2 3
13 0.000543 2 2
12 0.000543 2 3 10
15 0.000543 3 0 PTP 3 3_1_0_25
12 0.000543 2 2 10
15 0.000543 3 0 PTP 2 2_1_0_26
12 0.000543 2 4 10
15 0.000543 3 0 PTP 4 4_1_0_27
13 0.000543 2 3
13 0.000543 2 2
13 0.000543 2 4
12 0.000543 2 3 10
15 0.000543 3 0 PTP 3 3_1_0_28
12 0.000543 2 2 10
15 0.000543 3 0 PTP 2 2_1_0_29
12 0.000543 2 4 10
15 0.000543 3 0 PTP 4 4_1_0_30
13 0.000543 2 3
13 0.000543 2 2
13 0.000543 2 4
12 0.000543 2 2 10
15 0.000543 3 0 PTP 2 2_1_0_31
12 0.000543 2 4 10
15 0.000543 3 0 PTP 4 4_1_0_32
12 0.000543 2 3 10
15 0.000543 3 0 PTP 3 3_1_0_33
13 0.000543 2 2
13 0.000543 2 4
13 0.000543 2 3
12 0.000543 2 2 10
15 0.000543 3 0 PTP 2 2_1_0_34
12 0.000543 2 3 10
15 0.000543 3 0 PTP 3 3_1_0_35
12 0.000543 2 4 10
15 0.000543 3 0 PTP 4 4_1_0_36
13 0.000543 2 2
13 0.000543 2 3
13 0.000543 2 4
12 0.000543 2 2 10
15 0.000543 3 0 PTP 2 2_1_0_37
12 0.000543 2 3 10
15 0.000543 3 0 PTP 3 3_1_0_38
12 0.000543 2 4 10
15 0.000543 3 0 PTP 4 4_1_0_39
13 0.000543 2 2
13 0.000543 2 3
13 0.000543 2 4
12 0.000543 2 3 10
15 0.000543 3 0 PTP 3 3_1_0_40
12 0.000543 2 4 10
15 0.000543 3 0 PTP 4 4_1_0_41
12 0.000543 2 2 10
15 0.000543 3 0 PTP 2 2_1_0_42
13 0.000543 2 3
13 0.000543 2 4
13 0.000543 2 2
12 0.000543 2 3 10
15 0.000543 3 0 PTP 3 3_1_0_43
12 0.000543 2 2 10
15 0.000543 3 0 PTP 2 2_1_0_44
12 0.000543 2 4 10
15 0.000543 3 0 PTP 4 4_1_0_45
13 0.000543 2 3
13 0.000543 2 2
13 0.000543 2 4
12 0.000543 2 3 10
15 0.000543 3 0 PTP 3 3_1_0_46
12 0.000543 2 2 10
15 0.000543 3 0 PTP 2 2_1_0_47
12 0.000543 2 4 10
15 0.000543 3 0 PTP 4 4_1_0_48
13 0.000543 2 3
13 0.000543 2 2
13 0.000543 2 4
12 0.000543 2 3 10
15 0.000543 3 0 PTP 3 3_1_0_49
12 0.000543 2 4 10
15 0.000543 3 0 PTP 4 4_1_0_50
12 0.000543 2 2 10
15 0.000543 3 0 PTP 2 2_1_0_51
13 0.000543 2 3
13 0.000543 2 4
13 0.000543 2 2
12 0.000543 2 4 10
15 0.000543 3 0 PTP 4 4_1_0_52
12 0.000543 2 2 10
15 0.000543 3 0 PTP 2 2_1_0_53
12 0.000543 2 3 10
15 0.000543 3 0 PTP 3 3_1_0_54
13 0.000543 2 4
13 0.000543 2 2
13 0.000543 2 3
12 0.000543 2 3 7
12 0.000543 2 2 7
12 0.000543 2 4 7
16 0.000572 3 0 PTP 1 2_1_0_26
13 0.000572 2 1
12 0.000572 2 1 9
16 0.000601 3 0 PTP 1 3_1_0_25
13 0.000601 2 1
12 0.000601 2 1 9
16 0.000631 3 0 PTP 1 4_1_0_27
13 0.000631 2 1
12 0.000631 2 1 9
16 0.000660 3 0 PTP 1 2_1_0_29
13 0.000660 2 1
12 0.000660 2 1 9
16 0.000689 3 0 PTP 1 3_1_0_28
13 0.000689 2 1
12 0.000689 2 1 9
16 0.000719 3 0 PTP 1 4_1_0_30
13 0.000719 2 1
12 0.000719 2 1 9
16 0.000748 3 0 PTP 1 2_1_0_31
13 0.000748 2 1
12 0.000748 2 1 9
16 0.000777 3 0 PTP 1 2_1_0_34
13 0.000777 2 1
12 0.000777 2 1 9
16 0.000806 3 0 PTP 1 3_1_0_33
13 0.000806 2 1
12 0.000806 2 1 9
16 0.000836 3 0 PTP 1 4_1_0_32
13 0.000836 2 1
12 0.000836 2 1 9
16 0.000865 3 0 PTP 1 3_1_0_35
13 0.000865 2 1
12 0.000865 2 1 9
16 0.000894 3 0 PTP 1 4_1_0_36
13 0.000894 2 1
12 0.000894 2 1 9
16 0.000924 3 0 PTP 1 2_1_0_37
13 0.000924 2 1
12 0.000924 2 1 9
16 0.000953 3 0 PTP 1 2_1_0_42
13 0.000953 2 1
12 0.000953 2 1 9
16 0.000982 3 0 PTP 1 3_1_0_38
13 0.000982 2 1
12 0.000982 2 1 9
16 0.001012 3 0 PTP 1 4_1_0_39
13 0.001012 2 1
12 0.001012 2 1 9
16 0.001041 3 0 PTP 1 3_1_0_40
13 0.001041 2 1
12 0.001041 2 1 9
16 0.001070 3 0 PTP 1 4_1_0_41
13 0.001070 2 1
12 0.001070 2 1 9
16 0.001099 3 0 PTP 1 2_1_0_44
13 0.001099 2 1
12 0.001099 2 1 9
16 0.001129 3 0 PTP 1 3_1_0_43
13 0.001129 2 1
12 0.001129 2 1 9
16 0.001158 3 0 PTP 1 4_1_0_45
13 0.001158 2 1
12 0.001158 2 1 9
16 0.001187 3 0 PTP 1 2_1_0_47
13 0.001187 2 1
12 0.001187 2 1 9
16 0.001217 3 0 PTP 1 3_1_0_46
13 0.001217 2 1
12 0.001217 2 1 9
16 0.001246 3 0 PTP 1 4_1_0_48
13 0.001246 2 1
12 0.001246 2 1 9
16 0.001275 3 0 PTP 1 2_1_0_51
13 0.001275 2 1
12 0.001275 2 1 9
16 0.001304 3 0 PTP 1 3_1_0_49
13 0.001304 2 1
12 0.001304 2 1 9
16 0.001334 3 0 PTP 1 4_1_0_50
13 0.001334 2 1
12 0.001334 2 1 9
16 0.001363 3 0 PTP 1 2_1_0_53
13 0.001363 2 1
12 0.001363 2 1 9
16 0.001392 3 0 PTP 1 3_1_0_54
13 0.001392 2 1
12 0.001392 2 1 9
16 0.001422 3 0 PTP 1 4_1_0_52
13 0.001422 2 1
12 0.001422 2 1 7
13 0.001445 2 1
12 0.001446 2 1 7
13 0.001469 2 4
13 0.001469 2 3
13 0.001469 2 2
12 0.001469 2 3 7
12 0.001469 2 2 7
12 0.001469 2 4 7
13 0.001493 2 1
12 0.001493 2 1 7
13 0.001517 2 4
13 0.001517 2 3
13 0.001517 2 2
12 0.001517 2 3 7
12 0.001517 2 2 7
12 0.001517 2 4 7
13 0.001541 2 1
12 0.001541 2 1 7
13 0.001565 2 4
13 0.001565 2 3
13 0.001565 2 2
12 0.001565 2 2 7
12 0.001565 2 4 7
12 0.001565 2 3 7
13 0.001589 2 1
12 0.001589 2 1 8
15 0.001589 3 0 PTP 1 1_2_0_55
13 0.001613 2 4
13 0.001613 2 3
13 0.001613 2 2
12 0.001613 2 2 9
12 0.001613 2 3 8
15 0.001613 3 0 PTP 3 3_4_0_56
12 0.001613 2 4 9
13 0.001642 2 1
16 0.001642 3 0 PTP 2 1_2_0_55
13 0.001642 2 2
13 0.001642 2 3
16 0.001642 3 0 PTP 4 3_4_0_56
13 0.001642 2 4
12 0.001642 2 1 8
15 0.001642 3 0 PTP 1 1_2_0_57
12 0.001642 2 2 9
12 0.001642 2 3 8
15 0.001642 3 0 PTP 3 3_4_0_58
12 0.001642 2 4 9
13 0.001672 2 1
16 0.001672 3 0 PTP 2 1_2_0_57
13 0.001672 2 2
13 0.001672 2 3
16 0.001672 3 0 PTP 4 3_4_0_58
13 0.001672 2 4
12 0.001672 2 1 8
15 0.001672 3 0 PTP 1 1_3_1_59
12 0.001672 2 3 9
12 0.001672 2 2 8
15 0.001672 3 0 PTP 2 2_4_1_60
12 0.001672 2 4 9
13 0.001701 2 1
16 0.001701 3 0 PTP 3 1_3_1_59
13 0.001701 2 3
13 0.001701 2 2
16 0.001701 3 0 PTP 4 2_4_1_60
13 0.001701 2 4
12 0.001701 2 3 9
12 0.001701 2 2 8
15 0.001701 3 0 PTP 2 2_1_0_61
12 0.001701 2 4 8
15 0.001701 3 0 PTP 4 4_3_0_62
12 0.001701 2 1 9
16 0.001730 3 0 PTP 3 4_3_0_62
13 0.001730 2 3
13 0.001730 2 4
13 0.001730 2 2
16 0.001730 3 0 PTP 1 2_1_0_61
13 0.001730 2 1
12 0.001730 2 3 9
12 0.001730 2 4 8
15 0.001730 3 0 PTP 4 4_3_0_63
12 0.001730 2 2 8
15 0.001730 3 0 PTP 2 2_1_0_64
12 0.001730 2 1 9
16 0.001759 3 0 PTP 3 4_3_0_63
13 0.001759 2 3
13 0.001759 2 4
13 0.001759 2 2
16 0.001759 3 0 PTP 1 2_1_0_64
13 0.001759 2 1
12 0.001759 2 2 9
12 0.001759 2 1 9
12 0.001759 2 3 8
15 0.001759 3 0 PTP 3 3_1_1_65
12 0.001759 2 4 8
15 0.001759 3 0 PTP 4 4_2_1_66
16 0.001789 3 0 PTP 1 3_1_1_65
13 0.001789 2 1
13 0.001789 2 3
16 0.001789 3 0 PTP 2 4_2_1_66
13 0.001789 2 2
13 0.001789 2 4
12 0.001789 2 3 8
15 0.001789 3 0 PTP 3 3_4_0_67
12 0.001789 2 2 9
12 0.001789 2 4 9
12 0.001789 2 1 8
15 0.001789 3 0 PTP 1 1_2_0_68
13 0.001818 2 3
16 0.001818 3 0 PTP 4 3_4_0_67
13 0.001818 2 4
16 0.001818 3 0 PTP 2 1_2_0_68
13 0.001818 2 2
13 0.001818 2 1
12 0.001818 2 3 8
15 0.001818 3 0 PTP 3 3_4_0_69
12 0.001818 2 2 9
12 0.001818 2 4 9
12 0.001818 2 1 8
15 0.001818 3 0 PTP 1 1_2_0_70
13 0.001847 2 3
16 0.001847 3 0 PTP 4 3_4_0_69
13 0.001847 2 4
16 0.001847 3 0 PTP 2 1_2_0_70
13 0.001847 2 2
13 0.001847 2 1
12 0.001847 2 4 9
12 0.001847 2 2 8
15 0.001847 3 0 PTP 2 2_4_1_71
12 0.001847 2 3 9
12 0.001847 2 1 8
15 0.001847 3 0 PTP 1 1_3_1_72
16 0.001877 3 0 PTP 4 2_4_1_71
13 0.001877 2 4
13 0.001877 2 2
16 0.001877 3 0 PTP 3 1_3_1_72
13 0.001877 2 3
13 0.001877 2 1
12 0.001877 2 2 8
15 0.001877 3 0 PTP 2 2_1_0_73
12 0.001877 2 4 8
15 0.001877 3 0 PTP 4 4_3_0_74
12 0.001877 2 3 9
12 0.001877 2 1 9
13 0.001906 2 4
16 0.001906 3 0 PTP 3 4_3_0_74
13 0.001906 2 3
13 0.001906 2 2
16 0.001906 3 0 PTP 1 2_1_0_73
13 0.001906 2 1
12 0.001906 2 4 8
15 0.001906 3 0 PTP 4 4_3_0_75
12 0.001906 2 3 9
12 0.001906 2 2 8
15 0.001906 3 0 PTP 2 2_1_0_76
12 0.001906 2 1 9
13 0.001935 2 4
16 0.001935 3 0 PTP 3 4_3_0_75
13 0.001935 2 3
13 0.001935 2 2
16 0.001935 3 0 PTP 1 2_1_0_76
13 0.001935 2 1
12 0.001935 2 3 8
15 0.001935 3 0 PTP 3 3_1_1_77
12 0.001935 2 4 8
15 0.001935 3 0 PTP 4 4_2_1_78
12 0.001935 2 2 9
12 0.001935 2 1 9
13 0.001964 2 4
16 0.001964 3 0 PTP 2 4_2_1_78
13 0.001964 2 2
13 0.001964 2 3
16 0.001964 3 0 PTP 1 3_1_1_77
13 0.001964 2 1
12 0.001964 2 1 7
12 0.001964 2 2 7
12 0.001964 2 4 7
12 0.001964 2 3 7
13 0.001988 2 1
12 0.001988 2 1 7
13 0.002012 2 4
13 0.002012 2 3
13 0.002012 2 2
12 0.002012 2 3 7
12 0.002012 2 4 7
12 0.002012 2 2 7
13 0.002036 2 1
12 0.002036 2 1 9
13 0.002060 2 4
13 0.002060 2 3
13 0.002060 2 2
12 0.002060 2 3 10
15 0.002060 3 0 PTP 3 3_1_0_79
12 0.002060 2 4 10
15 0.002060 3 0 PTP 4 4_1_0_80
12 0.002060 2 2 10
15 0.002060 3 0 PTP 2 2_1_0_81
13 0.002060 2 3
13 0.002060 2 4
13 0.002060 2 2
12 0.002060 2 3 10
15 0.002060 3 0 PTP 3 3_1_0_82
12 0.002060 2 4 10
15 0.002060 3 0 PTP 4 4_1_0_83
12 0.002060 2 2 10
15 0.002060 3 0 PTP 2 2_1_0_84
13 0.002060 2 3
13 0.002060 2 4
13 0.002060 2 2
12 0.002060 2 2 10
15 0.002060 3 0 PTP 2 2_1_0_85
12 0.002060 2 3 10
15 0.002060 3 0 PTP 3 3_1_0_86
12 0.002060 2 4 10
15 0.002060 3 0 PTP 4 4_1_0_87
13 0.002060 2 2
13 0.002060 2 3
13 0.002060 2 4
12 0.002060 2 2 10
15 0.002060 3 0 PTP 2 2_1_0_88
12 0.002060 2 4 10
15 0.002060 3 0 PTP 4 4_1_0_89
12 0.002060 2 3 10
15 0.002060 3 0 PTP 3 3_1_0_90
13 0.002060 2 2
13 0.002060 2 4
13 0.002060 2 3
12 0.002060 2 2 10
15 0.002060 3 0 PTP 2 2_1_0_91
12 0.002060 2 3 10
15 0.002060 3 0 PTP 3 3_1_0_92
12 0.002060 2 4 10
15 0.002060 3 0 PTP 4 4_1_0_93
13 0.002060 2 2
13 0.002060 2 3
13 0.002060 2 4
12 0.002060 2 3 10
15 0.002060 3 0 PTP 3 3_1_0_94
12 0.002060 2 4 10
15 0.002060 3 0 PTP 4 4_1_0_95
12 0.002060 2 2 10
15 0.002060 3 0 PTP 2 2_1_0_96
13 0.002060 2 3
13 0.002060 2 4
13 0.002060 2 2
12 0.002060 2 2 10
15 0.002060 3 0 PTP 2 2_1_0_97
12 0.002060 2 4 10
15 0.002060 3 0 PTP 4 4_1_0_98
12 0.002060 2 3 10
15 0.002060 3 0 PTP 3 3_1_0_99
13 0.002060 2 2
13 0.002060 2 4
13 0.002060 2 3
12 0.002060 2 2 10
15 0.002060 3 0 PTP 2 2_1_0_100
12 0.002060 2 3 10
15 0.002060 3 0 PTP 3 3_1_0_101
12 0.002060 2 4 10
15 0.002060 3 0 PTP 4 4_1_0_102
13 0.002060 2 2
13 0.002060 2 3
13 0.002060 2 4
12 0.002060 2 3 10
15 0.002060 3 0 PTP 3 3_1_0_103
12 0.002060 2 2 10
15 0.002060 3 0 PTP 2 2_1_0_104
12 0.002060 2 4 10
15 0.002060 3 0 PTP 4 4_1_0_105
13 0.002060 2 3
13 0.002060 2 2
13 0.002060 2 4
12 0.002060 2 2 10
15 0.002060 3 0 PTP 2 2_1_0_106
12 0.002060 2 4 10
15 0.002060 3 0 PTP 4 4_1_0_107
12 0.002060 2 3 10
15 0.002060 3 0 PTP 3 3_1_0_108
13 0.002060 2 2
13 0.002060 2 4
13 0.002060 2 3
12 0.002060 2 3 7
12 0.002060 2 2 7
12 0.002060 2 4 7
16 0.002089 3 0 PTP 1 2_1_0_81
13 0.002089 2 1
12 0.002089 2 1 9
16 0.002119 3 0 PTP 1 3_1_0_79
13 0.002119 2 1
12 0.002119 2 1 9
16 0.002148 3 0 PTP 1 4_1_0_80
13 0.002148 2 1
12 0.002148 2 1 9
16 0.002177 3 0 PTP 1 2_1_0_84
13 0.002177 2 1
12 0.002177 2 1 9
16 0.002207 3 0 PTP 1 3_1_0_82
13 0.002207 2 1
12 0.002207 2 1 9
16 0.002236 3 0 PTP 1 4_1_0_83
13 0.002236 2 1
12 0.002236 2 1 9
16 0.002265 3 0 PTP 1 2_1_0_85
13 0.002265 2 1
12 0.002265 2 1 9
16 0.002294 3 0 PTP 1 2_1_0_88
13 0.002294 2 1
12 0.002294 2 1 9
16 0.002324 3 0 PTP 1 3_1_0_86
13 0.002324 2 1
12 0.002324 2 1 9
16 0.002353 3 0 PTP 1 4_1_0_87
13 0.002353 2 1
12 0.002353 2 1 9
16 0.002382 3 0 PTP 1 3_1_0_90
13 0.002382 2 1
12 0.002382 2 1 9
16 0.002412 3 0 PTP 1 4_1_0_89
13 0.002412 2 1
12 0.002412 2 1 9
16 0.002441 3 0 PTP 1 2_1_0_91
13 0.002441 2 1
12 0.002441 2 1 9
16 0.002470 3 0 PTP 1 2_1_0_96
13 0.002470 2 1
12 0.002470 2 1 9
16 0.002500 3 0 PTP 1 3_1_0_92
13 0.002500 2 1
12 0.002500 2 1 9
16 0.002529 3 0 PTP 1 4_1_0_93
13 0.002529 2 1
12 0.002529 2 1 9
16 0.002558 3 0 PTP 1 3_1_0_94
13 0.002558 2 1
12 0.002558 2 1 9
16 0.002587 3 0 PTP 1 4_1_0_95
13 0.002587 2 1
12 0.002587 2 1 9
16 0.002617 3 0 PTP 1 2_1_0_97
13 0.002617 2 1
12 0.002617 2 1 9
16 0.002646 3 0 PTP 1 3_1_0_99
13 0.002646 2 1
12 0.002646 2 1 9
16 0.002675 3 0 PTP 1 4_1_0_98
13 0.002675 2 1
12 0.002675 2 1 9
16 0.002705 3 0 PTP 1 2_1_0_100
13 0.002705 2 1
12 0.002705 2 1 9
16 0.002734 3 0 PTP 1 3_1_0_101
13 0.002734 2 1
12 0.002734 2 1 9
16 0.002763 3 0 PTP 1 4_1_0_102
13 0.002763 2 1
12 0.002763 2 1 9
16 0.002792 3 0 PTP 1 2_1_0_104
13 0.002792 2 1
12 0.002792 2 1 9
16 0.002822 3 0 PTP 1 3_1_0_103
13 0.002822 2 1
12 0.002822 2 1 9
16 0.002851 3 0 PTP 1 4_1_0_105
13 0.002851 2 1
12 0.002851 2 1 9
16 0.002880 3 0 PTP 1 2_1_0_106
13 0.002880 2 1
12 0.002880 2 1 9
16 0.002910 3 0 PTP 1 3_1_0_108
13 0.002910 2 1
12 0.002910 2 1 9
16 0.002939 3 0 PTP 1 4_1_0_107
13 0.002939 2 1
12 0.002939 2 1 7
13 0.002963 2 1
12 0.002963 2 1 7
13 0.002987 2 4
13 0.002987 2 3
13 0.002987 2 2
12 0.002987 2 2 7
12 0.002987 2 3 7
12 0.002987 2 4 7
13 0.003011 2 1
12 0.003011 2 1 7
13 0.003035 2 4
13 0.003035 2 3
13 0.003035 2 2
12 0.003035 2 2 7
12 0.003035 2 4 7
12 0.003035 2 3 7
13 0.003058 2 1
12 0.003058 2 1 7
13 0.003082 2 4
13 0.003082 2 3
13 0.003082 2 2
12 0.003082 2 4 7
12 0.003082 2 3 7
12 0.003082 2 2 7
13 0.003106 2 1
12 0.003106 2 1 11
13 0.003106 2 1
7 0.003106 1 1
13 0.003130 2 4
13 0.003130 2 3
13 0.003130 2 2
12 0.003130 2 2 11
13 0.003130 2 2
7 0.003130 1 2
12 0.003130 2 3 11
13 0.003130 2 3
7 0.003130 1 3
12 0.003130 2 4 11
13 0.003130 2 4
7 0.003130 1 4
