#This file was generated using SimGrid-3.35.0
#[./build/bin/main platforms/cluster_crossbar.xml -p 2 -q 2 -n 10 -b 5 --algorithm p2p-i-la --lookahead 2 --niter 2 -c -v ]
%EventDef PajeDefineContainerType 0
%       Alias string
%       Type string
%       Name string
%EndEventDef
%EventDef PajeDefineVariableType 1
%       Alias string
%       Type string
%       Name string
%       Color color
%EndEventDef
%EventDef PajeDefineStateType 2
%       Alias string
%       Type string
%       Name string
%EndEventDef
%EventDef PajeDefineEventType 3
%       Alias string
%       Type string
%       Name string
%EndEventDef
%EventDef PajeDefineLinkType 4
%       Alias string
%       Type string
%       StartContainerType string
%       EndContainerType string
%       Name string
%EndEventDef
%EventDef PajeDefineEntityValue 5
%       Alias string
%       Type string
%       Name string
%       Color color
%EndEventDef
%EventDef PajeCreateContainer 6
%       Time date
%       Alias string
%       Type string
%       Container string
%       Name string
%EndEventDef
%EventDef PajeDestroyContainer 7
%       Time date
%       Type string
%       Name string
%EndEventDef
%EventDef PajeSetVariable 8
%       Time date
%       Type string
%       Container string
%       Value double
%EndEventDef
%EventDef PajeAddVariable 9
%       Time date
%       Type string
%       Container string
%       Value double
%EndEventDef
%EventDef PajeSubVariable 10
%       Time date
%       Type string
%       Container string
%       Value double
%EndEventDef
%EventDef PajeSetState 11
%       Time date
%       Type string
%       Container string
%       Value string
%EndEventDef
%EventDef PajePushState 12
%       Time date
%       Type string
%       Container string
%       Value string
%EndEventDef
%EventDef PajePopState 13
%       Time date
%       Type string
%       Container string
%EndEventDef
%EventDef PajeResetState 14
%       Time date
%       Type string
%       Container string
%EndEventDef
%EventDef PajeStartLink 15
%       Time date
%       Type string
%       Container string
%       Value string
%       StartContainer string
%       Key string
%EndEventDef
%EventDef PajeEndLink 16
%       Time date
%       Type string
%       Container string
%       Value string
%       EndContainer string
%       Key string
%EndEventDef
%EventDef PajeNewEvent 17
%       Time date
%       Type string
%       Container string
%       Value string
%EndEventDef
0 1 0 MPI
2 2 1 MPI_STATE
4 3 0 1 1 MPI_LINK
4 4 0 1 1 MIGRATE_LINK
2 5 1 MIGRATE_STATE
6 0.000000 1 1 0 "rank-0"
6 0.000000 2 1 0 "rank-1"
6 0.000000 3 1 0 "rank-2"
6 0.000000 4 1 0 "rank-3"
5 6 2 PMPI_Init "0 1 0"
12 0.000000 2 1 6
13 0.000000 2 1
12 0.000000 2 2 6
13 0.000000 2 2
12 0.000000 2 3 6
13 0.000000 2 3
12 0.000000 2 4 6
13 0.000000 2 4
5 7 2 PMPI_Barrier "0 0.39 0.78"
5 8 2 PMPI_Issend "0 0 1"
5 9 2 PMPI_Irecv "1 0.52 0.52"
5 10 2 PMPI_Wait "1 1 0"
5 11 2 PMPI_Recv "1 0 0"
5 12 2 PMPI_Send "0 0 1"
5 13 2 PMPI_Finalize "0 1 0"
12 0.000000 2 3 7
12 0.000000 2 4 7
12 0.000000 2 2 7
12 0.000000 2 1 7
13 0.000024 2 1
12 0.000024 2 1 7
13 0.000048 2 4
13 0.000048 2 3
13 0.000048 2 2
12 0.000048 2 4 7
12 0.000048 2 2 7
12 0.000048 2 3 7
13 0.000072 2 1
12 0.000072 2 1 8
15 0.000072 3 0 PTP 1 1_2_0_1
13 0.000072 2 1
12 0.000072 2 1 8
15 0.000072 3 0 PTP 1 1_2_0_2
13 0.000072 2 1
12 0.000072 2 1 8
15 0.000072 3 0 PTP 1 1_3_1_3
13 0.000072 2 1
12 0.000072 2 1 9
13 0.000072 2 1
12 0.000072 2 1 9
13 0.000072 2 1
12 0.000072 2 1 9
13 0.000072 2 1
12 0.000072 2 1 8
15 0.000072 3 0 PTP 1 1_2_0_4
13 0.000072 2 1
12 0.000072 2 1 8
15 0.000072 3 0 PTP 1 1_2_0_5
13 0.000072 2 1
12 0.000072 2 1 8
15 0.000072 3 0 PTP 1 1_3_1_6
13 0.000072 2 1
12 0.000072 2 1 9
13 0.000072 2 1
12 0.000072 2 1 9
13 0.000072 2 1
12 0.000072 2 1 9
13 0.000072 2 1
12 0.000072 2 1 10
13 0.000096 2 4
13 0.000096 2 3
13 0.000096 2 2
12 0.000096 2 4 9
12 0.000096 2 2 9
12 0.000096 2 3 8
15 0.000096 3 0 PTP 3 3_4_0_7
13 0.000096 2 4
13 0.000096 2 2
13 0.000096 2 3
12 0.000096 2 3 8
15 0.000096 3 0 PTP 3 3_4_0_8
12 0.000096 2 2 9
12 0.000096 2 4 9
13 0.000096 2 3
13 0.000096 2 2
13 0.000096 2 4
12 0.000096 2 2 8
15 0.000096 3 0 PTP 2 2_4_1_9
12 0.000096 2 3 9
12 0.000096 2 4 9
13 0.000096 2 2
13 0.000096 2 3
13 0.000096 2 4
12 0.000096 2 4 8
15 0.000096 3 0 PTP 4 4_3_0_10
12 0.000096 2 2 8
15 0.000096 3 0 PTP 2 2_1_0_11
12 0.000096 2 3 9
13 0.000096 2 4
13 0.000096 2 2
13 0.000096 2 3
12 0.000096 2 2 8
15 0.000096 3 0 PTP 2 2_1_0_12
12 0.000096 2 4 8
15 0.000096 3 0 PTP 4 4_3_0_13
12 0.000096 2 3 9
13 0.000096 2 2
13 0.000096 2 4
13 0.000096 2 3
12 0.000096 2 4 8
15 0.000096 3 0 PTP 4 4_2_1_14
12 0.000096 2 3 8
15 0.000096 3 0 PTP 3 3_1_1_15
12 0.000096 2 2 9
13 0.000096 2 4
13 0.000096 2 3
13 0.000096 2 2
12 0.000096 2 3 8
15 0.000096 3 0 PTP 3 3_4_0_16
12 0.000096 2 2 9
12 0.000096 2 4 9
13 0.000096 2 3
13 0.000096 2 2
13 0.000096 2 4
12 0.000096 2 2 9
12 0.000096 2 4 9
12 0.000096 2 3 8
15 0.000096 3 0 PTP 3 3_4_0_17
13 0.000096 2 2
13 0.000096 2 4
13 0.000096 2 3
12 0.000096 2 2 8
15 0.000096 3 0 PTP 2 2_4_1_18
12 0.000096 2 4 9
12 0.000096 2 3 9
13 0.000096 2 2
13 0.000096 2 4
13 0.000096 2 3
12 0.000096 2 3 10
12 0.000096 2 2 10
12 0.000096 2 4 10
13 0.000172 2 1
16 0.000172 3 0 PTP 1 2_1_0_11
13 0.000172 2 3
16 0.000172 3 0 PTP 3 1_3_1_3
13 0.000172 2 2
16 0.000172 3 0 PTP 2 1_2_0_1
13 0.000172 2 4
16 0.000172 3 0 PTP 4 3_4_0_7
12 0.000172 2 1 10
12 0.000172 2 4 10
12 0.000172 2 2 10
12 0.000172 2 3 9
13 0.000172 2 1
16 0.000172 3 0 PTP 1 2_1_0_12
13 0.000172 2 4
16 0.000172 3 0 PTP 4 3_4_0_8
13 0.000172 2 2
16 0.000172 3 0 PTP 2 1_2_0_2
13 0.000172 2 3
12 0.000172 2 1 10
12 0.000172 2 4 10
12 0.000172 2 3 9
12 0.000172 2 2 8
15 0.000172 3 0 PTP 2 2_1_0_19
13 0.000172 2 1
16 0.000172 3 0 PTP 1 3_1_1_15
13 0.000172 2 4
16 0.000172 3 0 PTP 4 2_4_1_9
13 0.000172 2 3
13 0.000172 2 2
12 0.000172 2 3 8
15 0.000172 3 0 PTP 3 3_1_1_20
12 0.000172 2 2 8
15 0.000172 3 0 PTP 2 2_1_0_21
12 0.000172 2 4 8
15 0.000172 3 0 PTP 4 4_3_0_22
12 0.000172 2 1 10
13 0.000172 2 3
13 0.000172 2 2
13 0.000172 2 4
12 0.000172 2 3 10
12 0.000172 2 2 9
12 0.000172 2 4 8
15 0.000172 3 0 PTP 4 4_3_0_23
13 0.000172 2 3
16 0.000172 3 0 PTP 3 4_3_0_10
13 0.000172 2 2
13 0.000172 2 4
12 0.000172 2 3 10
12 0.000172 2 2 10
12 0.000172 2 4 8
15 0.000172 3 0 PTP 4 4_2_1_24
13 0.000172 2 3
16 0.000172 3 0 PTP 3 4_3_0_13
13 0.000172 2 2
16 0.000172 3 0 PTP 2 4_2_1_14
13 0.000172 2 4
12 0.000172 2 2 10
12 0.000172 2 3 10
12 0.000172 2 4 10
13 0.000172 2 2
16 0.000172 3 0 PTP 2 1_2_0_4
13 0.000172 2 3
16 0.000172 3 0 PTP 3 1_3_1_6
13 0.000172 2 4
16 0.000172 3 0 PTP 4 3_4_0_16
12 0.000172 2 2 10
12 0.000172 2 3 10
12 0.000172 2 4 10
13 0.000172 2 2
16 0.000172 3 0 PTP 2 1_2_0_5
13 0.000172 2 4
16 0.000172 3 0 PTP 4 3_4_0_17
12 0.000172 2 4 10
12 0.000172 2 2 10
13 0.000172 2 4
16 0.000172 3 0 PTP 4 2_4_1_18
12 0.000172 2 4 7
13 0.000220 2 2
16 0.000220 3 0 PTP 2 4_2_1_24
13 0.000220 2 1
16 0.000220 3 0 PTP 1 2_1_0_19
13 0.000220 2 3
16 0.000220 3 0 PTP 3 4_3_0_22
12 0.000220 2 1 10
12 0.000220 2 3 10
12 0.000220 2 2 7
13 0.000220 2 1
16 0.000220 3 0 PTP 1 2_1_0_21
13 0.000220 2 3
16 0.000220 3 0 PTP 3 4_3_0_23
12 0.000220 2 1 10
12 0.000220 2 3 7
13 0.000220 2 1
16 0.000220 3 0 PTP 1 3_1_1_20
12 0.000220 2 1 7
13 0.000244 2 1
12 0.000244 2 1 7
13 0.000268 2 4
13 0.000268 2 3
13 0.000268 2 2
12 0.000268 2 3 7
12 0.000268 2 2 7
12 0.000268 2 4 7
13 0.000291 2 1
12 0.000291 2 1 11
13 0.000315 2 4
13 0.000315 2 3
13 0.000315 2 2
12 0.000315 2 3 12
15 0.000315 3 0 PTP 3 3_1_0_25
12 0.000315 2 2 12
15 0.000315 3 0 PTP 2 2_1_0_26
12 0.000315 2 4 12
15 0.000315 3 0 PTP 4 4_1_0_27
13 0.000315 2 3
13 0.000315 2 2
13 0.000315 2 4
12 0.000315 2 4 12
15 0.000315 3 0 PTP 4 4_1_0_28
12 0.000315 2 2 12
15 0.000315 3 0 PTP 2 2_1_0_29
12 0.000315 2 3 12
15 0.000315 3 0 PTP 3 3_1_0_30
13 0.000315 2 4
13 0.000315 2 2
13 0.000315 2 3
12 0.000315 2 4 12
15 0.000315 3 0 PTP 4 4_1_0_31
12 0.000315 2 3 12
15 0.000315 3 0 PTP 3 3_1_0_32
12 0.000315 2 2 12
15 0.000315 3 0 PTP 2 2_1_0_33
13 0.000315 2 4
13 0.000315 2 3
13 0.000315 2 2
12 0.000315 2 4 12
15 0.000315 3 0 PTP 4 4_1_0_34
12 0.000315 2 2 12
15 0.000315 3 0 PTP 2 2_1_0_35
12 0.000315 2 3 12
15 0.000315 3 0 PTP 3 3_1_0_36
13 0.000315 2 4
13 0.000315 2 2
13 0.000315 2 3
12 0.000315 2 4 12
15 0.000315 3 0 PTP 4 4_1_0_37
12 0.000315 2 2 12
15 0.000315 3 0 PTP 2 2_1_0_38
12 0.000315 2 3 12
15 0.000315 3 0 PTP 3 3_1_0_39
13 0.000315 2 4
13 0.000315 2 2
13 0.000315 2 3
12 0.000315 2 4 12
15 0.000315 3 0 PTP 4 4_1_0_40
12 0.000315 2 2 12
15 0.000315 3 0 PTP 2 2_1_0_41
12 0.000315 2 3 12
15 0.000315 3 0 PTP 3 3_1_0_42
13 0.000315 2 4
13 0.000315 2 2
13 0.000315 2 3
12 0.000315 2 2 12
15 0.000315 3 0 PTP 2 2_1_0_43
12 0.000315 2 3 12
15 0.000315 3 0 PTP 3 3_1_0_44
12 0.000315 2 4 12
15 0.000315 3 0 PTP 4 4_1_0_45
13 0.000315 2 2
13 0.000315 2 3
13 0.000315 2 4
12 0.000315 2 3 12
15 0.000315 3 0 PTP 3 3_1_0_46
12 0.000315 2 4 12
15 0.000315 3 0 PTP 4 4_1_0_47
12 0.000315 2 2 12
15 0.000315 3 0 PTP 2 2_1_0_48
13 0.000315 2 3
13 0.000315 2 4
13 0.000315 2 2
12 0.000315 2 2 12
15 0.000315 3 0 PTP 2 2_1_0_49
12 0.000315 2 3 12
15 0.000315 3 0 PTP 3 3_1_0_50
12 0.000315 2 4 12
15 0.000315 3 0 PTP 4 4_1_0_51
13 0.000315 2 2
13 0.000315 2 3
13 0.000315 2 4
12 0.000315 2 2 12
15 0.000315 3 0 PTP 2 2_1_0_52
12 0.000315 2 4 12
15 0.000315 3 0 PTP 4 4_1_0_53
12 0.000315 2 3 12
15 0.000315 3 0 PTP 3 3_1_0_54
13 0.000315 2 2
13 0.000315 2 4
13 0.000315 2 3
12 0.000315 2 2 7
12 0.000315 2 4 7
12 0.000315 2 3 7
16 0.000345 3 0 PTP 1 2_1_0_26
13 0.000345 2 1
12 0.000345 2 1 11
16 0.000374 3 0 PTP 1 3_1_0_25
13 0.000374 2 1
12 0.000374 2 1 11
16 0.000403 3 0 PTP 1 4_1_0_27
13 0.000403 2 1
12 0.000403 2 1 11
16 0.000433 3 0 PTP 1 2_1_0_29
13 0.000433 2 1
12 0.000433 2 1 11
16 0.000462 3 0 PTP 1 3_1_0_30
13 0.000462 2 1
12 0.000462 2 1 11
16 0.000491 3 0 PTP 1 4_1_0_28
13 0.000491 2 1
12 0.000491 2 1 11
16 0.000520 3 0 PTP 1 2_1_0_33
13 0.000520 2 1
12 0.000520 2 1 11
16 0.000550 3 0 PTP 1 2_1_0_35
13 0.000550 2 1
12 0.000550 2 1 11
16 0.000579 3 0 PTP 1 3_1_0_32
13 0.000579 2 1
12 0.000579 2 1 11
16 0.000608 3 0 PTP 1 4_1_0_31
13 0.000608 2 1
12 0.000608 2 1 11
16 0.000638 3 0 PTP 1 3_1_0_36
13 0.000638 2 1
12 0.000638 2 1 11
16 0.000667 3 0 PTP 1 4_1_0_34
13 0.000667 2 1
12 0.000667 2 1 11
16 0.000696 3 0 PTP 1 2_1_0_38
13 0.000696 2 1
12 0.000696 2 1 11
16 0.000725 3 0 PTP 1 2_1_0_41
13 0.000725 2 1
12 0.000725 2 1 11
16 0.000755 3 0 PTP 1 3_1_0_39
13 0.000755 2 1
12 0.000755 2 1 11
16 0.000784 3 0 PTP 1 4_1_0_37
13 0.000784 2 1
12 0.000784 2 1 11
16 0.000813 3 0 PTP 1 3_1_0_42
13 0.000813 2 1
12 0.000813 2 1 11
16 0.000843 3 0 PTP 1 4_1_0_40
13 0.000843 2 1
12 0.000843 2 1 11
16 0.000872 3 0 PTP 1 2_1_0_43
13 0.000872 2 1
12 0.000872 2 1 11
16 0.000901 3 0 PTP 1 3_1_0_44
13 0.000901 2 1
12 0.000901 2 1 11
16 0.000930 3 0 PTP 1 4_1_0_45
13 0.000930 2 1
12 0.000930 2 1 11
16 0.000960 3 0 PTP 1 2_1_0_48
13 0.000960 2 1
12 0.000960 2 1 11
16 0.000989 3 0 PTP 1 3_1_0_46
13 0.000989 2 1
12 0.000989 2 1 11
16 0.001018 3 0 PTP 1 4_1_0_47
13 0.001018 2 1
12 0.001018 2 1 11
16 0.001048 3 0 PTP 1 2_1_0_49
13 0.001048 2 1
12 0.001048 2 1 11
16 0.001077 3 0 PTP 1 3_1_0_50
13 0.001077 2 1
12 0.001077 2 1 11
16 0.001106 3 0 PTP 1 4_1_0_51
13 0.001106 2 1
12 0.001106 2 1 11
16 0.001135 3 0 PTP 1 2_1_0_52
13 0.001135 2 1
12 0.001135 2 1 11
16 0.001165 3 0 PTP 1 3_1_0_54
13 0.001165 2 1
12 0.001165 2 1 11
16 0.001194 3 0 PTP 1 4_1_0_53
13 0.001194 2 1
12 0.001194 2 1 7
13 0.001218 2 1
12 0.001218 2 1 7
13 0.001242 2 4
13 0.001242 2 3
13 0.001242 2 2
12 0.001242 2 3 7
12 0.001242 2 2 7
12 0.001242 2 4 7
13 0.001266 2 1
12 0.001266 2 1 7
13 0.001290 2 4
13 0.001290 2 3
13 0.001290 2 2
12 0.001290 2 4 7
12 0.001290 2 3 7
12 0.001290 2 2 7
13 0.001314 2 1
12 0.001314 2 1 7
13 0.001338 2 4
13 0.001338 2 3
13 0.001338 2 2
12 0.001338 2 2 7
12 0.001338 2 4 7
12 0.001338 2 3 7
13 0.001362 2 1
12 0.001362 2 1 8
15 0.001362 3 0 PTP 1 1_2_0_55
13 0.001362 2 1
12 0.001362 2 1 8
15 0.001362 3 0 PTP 1 1_2_0_56
13 0.001362 2 1
12 0.001362 2 1 8
15 0.001362 3 0 PTP 1 1_3_1_57
13 0.001362 2 1
12 0.001362 2 1 9
13 0.001362 2 1
12 0.001362 2 1 9
13 0.001362 2 1
12 0.001362 2 1 9
13 0.001362 2 1
12 0.001362 2 1 8
15 0.001362 3 0 PTP 1 1_2_0_58
13 0.001362 2 1
12 0.001362 2 1 8
15 0.001362 3 0 PTP 1 1_2_0_59
13 0.001362 2 1
12 0.001362 2 1 8
15 0.001362 3 0 PTP 1 1_3_1_60
13 0.001362 2 1
12 0.001362 2 1 9
13 0.001362 2 1
12 0.001362 2 1 9
13 0.001362 2 1
12 0.001362 2 1 9
13 0.001362 2 1
12 0.001362 2 1 10
13 0.001385 2 4
13 0.001385 2 3
13 0.001385 2 2
12 0.001385 2 3 8
15 0.001385 3 0 PTP 3 3_4_0_61
12 0.001385 2 2 9
12 0.001385 2 4 9
13 0.001385 2 3
13 0.001385 2 2
13 0.001385 2 4
12 0.001385 2 4 9
12 0.001385 2 3 8
15 0.001385 3 0 PTP 3 3_4_0_62
12 0.001385 2 2 9
13 0.001385 2 4
13 0.001385 2 3
13 0.001385 2 2
12 0.001385 2 2 8
15 0.001385 3 0 PTP 2 2_4_1_63
12 0.001385 2 3 9
12 0.001385 2 4 9
13 0.001385 2 2
13 0.001385 2 3
13 0.001385 2 4
12 0.001385 2 2 8
15 0.001385 3 0 PTP 2 2_1_0_64
12 0.001385 2 3 9
12 0.001385 2 4 8
15 0.001385 3 0 PTP 4 4_3_0_65
13 0.001385 2 2
13 0.001385 2 3
13 0.001385 2 4
12 0.001385 2 2 8
15 0.001385 3 0 PTP 2 2_1_0_66
12 0.001385 2 3 9
12 0.001385 2 4 8
15 0.001385 3 0 PTP 4 4_3_0_67
13 0.001385 2 2
13 0.001385 2 3
13 0.001385 2 4
12 0.001385 2 4 8
15 0.001385 3 0 PTP 4 4_2_1_68
12 0.001385 2 3 8
15 0.001385 3 0 PTP 3 3_1_1_69
12 0.001385 2 2 9
13 0.001385 2 4
13 0.001385 2 3
13 0.001385 2 2
12 0.001385 2 2 9
12 0.001385 2 4 9
12 0.001385 2 3 8
15 0.001385 3 0 PTP 3 3_4_0_70
13 0.001385 2 2
13 0.001385 2 4
13 0.001385 2 3
12 0.001385 2 3 8
15 0.001385 3 0 PTP 3 3_4_0_71
12 0.001385 2 2 9
12 0.001385 2 4 9
13 0.001385 2 3
13 0.001385 2 2
13 0.001385 2 4
12 0.001385 2 3 9
12 0.001385 2 2 8
15 0.001385 3 0 PTP 2 2_4_1_72
12 0.001385 2 4 9
13 0.001385 2 3
13 0.001385 2 2
13 0.001385 2 4
12 0.001385 2 2 10
12 0.001385 2 3 10
12 0.001385 2 4 10
13 0.001462 2 1
16 0.001462 3 0 PTP 1 2_1_0_64
13 0.001462 2 3
16 0.001462 3 0 PTP 3 1_3_1_57
13 0.001462 2 2
16 0.001462 3 0 PTP 2 1_2_0_55
13 0.001462 2 4
16 0.001462 3 0 PTP 4 3_4_0_61
12 0.001462 2 2 10
12 0.001462 2 4 10
12 0.001462 2 1 10
12 0.001462 2 3 9
13 0.001462 2 2
16 0.001462 3 0 PTP 2 1_2_0_56
13 0.001462 2 4
16 0.001462 3 0 PTP 4 3_4_0_62
13 0.001462 2 1
16 0.001462 3 0 PTP 1 2_1_0_66
13 0.001462 2 3
12 0.001462 2 4 10
12 0.001462 2 3 9
12 0.001462 2 2 8
15 0.001462 3 0 PTP 2 2_1_0_73
12 0.001462 2 1 10
13 0.001462 2 4
16 0.001462 3 0 PTP 4 2_4_1_63
13 0.001462 2 3
13 0.001462 2 2
13 0.001462 2 1
16 0.001462 3 0 PTP 1 3_1_1_69
12 0.001462 2 3 8
15 0.001462 3 0 PTP 3 3_1_1_74
12 0.001462 2 2 8
15 0.001462 3 0 PTP 2 2_1_0_75
12 0.001462 2 4 8
15 0.001462 3 0 PTP 4 4_3_0_76
12 0.001462 2 1 10
13 0.001462 2 3
13 0.001462 2 2
13 0.001462 2 4
12 0.001462 2 4 8
15 0.001462 3 0 PTP 4 4_3_0_77
12 0.001462 2 3 10
12 0.001462 2 2 9
13 0.001462 2 4
13 0.001462 2 3
16 0.001462 3 0 PTP 3 4_3_0_65
13 0.001462 2 2
12 0.001462 2 2 10
12 0.001462 2 4 8
15 0.001462 3 0 PTP 4 4_2_1_78
12 0.001462 2 3 10
13 0.001462 2 2
16 0.001462 3 0 PTP 2 4_2_1_68
13 0.001462 2 4
13 0.001462 2 3
16 0.001462 3 0 PTP 3 4_3_0_67
12 0.001462 2 3 10
12 0.001462 2 2 10
12 0.001462 2 4 10
13 0.001462 2 3
16 0.001462 3 0 PTP 3 1_3_1_60
13 0.001462 2 2
16 0.001462 3 0 PTP 2 1_2_0_58
13 0.001462 2 4
16 0.001462 3 0 PTP 4 3_4_0_70
12 0.001462 2 2 10
12 0.001462 2 4 10
12 0.001462 2 3 10
13 0.001462 2 2
16 0.001462 3 0 PTP 2 1_2_0_59
13 0.001462 2 4
16 0.001462 3 0 PTP 4 3_4_0_71
12 0.001462 2 4 10
12 0.001462 2 2 10
13 0.001462 2 4
16 0.001462 3 0 PTP 4 2_4_1_72
12 0.001462 2 4 7
13 0.001509 2 2
16 0.001509 3 0 PTP 2 4_2_1_78
13 0.001509 2 1
16 0.001509 3 0 PTP 1 2_1_0_73
13 0.001509 2 3
16 0.001509 3 0 PTP 3 4_3_0_76
12 0.001509 2 3 10
12 0.001509 2 1 10
12 0.001509 2 2 7
13 0.001509 2 3
16 0.001509 3 0 PTP 3 4_3_0_77
13 0.001509 2 1
16 0.001509 3 0 PTP 1 2_1_0_75
12 0.001509 2 1 10
12 0.001509 2 3 7
13 0.001509 2 1
16 0.001509 3 0 PTP 1 3_1_1_74
12 0.001509 2 1 7
13 0.001533 2 1
12 0.001533 2 1 7
13 0.001557 2 4
13 0.001557 2 3
13 0.001557 2 2
12 0.001557 2 4 7
12 0.001557 2 2 7
12 0.001557 2 3 7
13 0.001581 2 1
12 0.001581 2 1 11
13 0.001605 2 4
13 0.001605 2 3
13 0.001605 2 2
12 0.001605 2 4 12
15 0.001605 3 0 PTP 4 4_1_0_79
12 0.001605 2 3 12
15 0.001605 3 0 PTP 3 3_1_0_80
12 0.001605 2 2 12
15 0.001605 3 0 PTP 2 2_1_0_81
13 0.001605 2 4
13 0.001605 2 3
13 0.001605 2 2
12 0.001605 2 2 12
15 0.001605 3 0 PTP 2 2_1_0_82
12 0.001605 2 4 12
15 0.001605 3 0 PTP 4 4_1_0_83
12 0.001605 2 3 12
15 0.001605 3 0 PTP 3 3_1_0_84
13 0.001605 2 2
13 0.001605 2 4
13 0.001605 2 3
12 0.001605 2 3 12
15 0.001605 3 0 PTP 3 3_1_0_85
12 0.001605 2 2 12
15 0.001605 3 0 PTP 2 2_1_0_86
12 0.001605 2 4 12
15 0.001605 3 0 PTP 4 4_1_0_87
13 0.001605 2 3
13 0.001605 2 2
13 0.001605 2 4
12 0.001605 2 2 12
15 0.001605 3 0 PTP 2 2_1_0_88
12 0.001605 2 4 12
15 0.001605 3 0 PTP 4 4_1_0_89
12 0.001605 2 3 12
15 0.001605 3 0 PTP 3 3_1_0_90
13 0.001605 2 2
13 0.001605 2 4
13 0.001605 2 3
12 0.001605 2 2 12
15 0.001605 3 0 PTP 2 2_1_0_91
12 0.001605 2 4 12
15 0.001605 3 0 PTP 4 4_1_0_92
12 0.001605 2 3 12
15 0.001605 3 0 PTP 3 3_1_0_93
13 0.001605 2 2
13 0.001605 2 4
13 0.001605 2 3
12 0.001605 2 4 12
15 0.001605 3 0 PTP 4 4_1_0_94
12 0.001605 2 3 12
15 0.001605 3 0 PTP 3 3_1_0_95
12 0.001605 2 2 12
15 0.001605 3 0 PTP 2 2_1_0_96
13 0.001605 2 4
13 0.001605 2 3
13 0.001605 2 2
12 0.001605 2 4 12
15 0.001605 3 0 PTP 4 4_1_0_97
12 0.001605 2 3 12
15 0.001605 3 0 PTP 3 3_1_0_98
12 0.001605 2 2 12
15 0.001605 3 0 PTP 2 2_1_0_99
13 0.001605 2 4
13 0.001605 2 3
13 0.001605 2 2
12 0.001605 2 4 12
15 0.001605 3 0 PTP 4 4_1_0_100
12 0.001605 2 3 12
15 0.001605 3 0 PTP 3 3_1_0_101
12 0.001605 2 2 12
15 0.001605 3 0 PTP 2 2_1_0_102
13 0.001605 2 4
13 0.001605 2 3
13 0.001605 2 2
12 0.001605 2 3 12
15 0.001605 3 0 PTP 3 3_1_0_103
12 0.001605 2 2 12
15 0.001605 3 0 PTP 2 2_1_0_104
12 0.001605 2 4 12
15 0.001605 3 0 PTP 4 4_1_0_105
13 0.001605 2 3
13 0.001605 2 2
13 0.001605 2 4
12 0.001605 2 2 12
15 0.001605 3 0 PTP 2 2_1_0_106
12 0.001605 2 4 12
15 0.001605 3 0 PTP 4 4_1_0_107
12 0.001605 2 3 12
15 0.001605 3 0 PTP 3 3_1_0_108
13 0.001605 2 2
13 0.001605 2 4
13 0.001605 2 3
12 0.001605 2 2 7
12 0.001605 2 3 7
12 0.001605 2 4 7
16 0.001634 3 0 PTP 1 2_1_0_81
13 0.001634 2 1
12 0.001634 2 1 11
16 0.001664 3 0 PTP 1 3_1_0_80
13 0.001664 2 1
12 0.001664 2 1 11
16 0.001693 3 0 PTP 1 4_1_0_79
13 0.001693 2 1
12 0.001693 2 1 11
16 0.001722 3 0 PTP 1 2_1_0_82
13 0.001722 2 1
12 0.001722 2 1 11
16 0.001752 3 0 PTP 1 3_1_0_84
13 0.001752 2 1
12 0.001752 2 1 11
16 0.001781 3 0 PTP 1 4_1_0_83
13 0.001781 2 1
12 0.001781 2 1 11
16 0.001810 3 0 PTP 1 2_1_0_86
13 0.001810 2 1
12 0.001810 2 1 11
16 0.001839 3 0 PTP 1 2_1_0_88
13 0.001839 2 1
12 0.001839 2 1 11
16 0.001869 3 0 PTP 1 3_1_0_85
13 0.001869 2 1
12 0.001869 2 1 11
16 0.001898 3 0 PTP 1 4_1_0_87
13 0.001898 2 1
12 0.001898 2 1 11
16 0.001927 3 0 PTP 1 3_1_0_90
13 0.001927 2 1
12 0.001927 2 1 11
16 0.001957 3 0 PTP 1 4_1_0_89
13 0.001957 2 1
12 0.001957 2 1 11
16 0.001986 3 0 PTP 1 2_1_0_91
13 0.001986 2 1
12 0.001986 2 1 11
16 0.002015 3 0 PTP 1 2_1_0_96
13 0.002015 2 1
12 0.002015 2 1 11
16 0.002044 3 0 PTP 1 3_1_0_93
13 0.002044 2 1
12 0.002044 2 1 11
16 0.002074 3 0 PTP 1 4_1_0_92
13 0.002074 2 1
12 0.002074 2 1 11
16 0.002103 3 0 PTP 1 3_1_0_95
13 0.002103 2 1
12 0.002103 2 1 11
16 0.002132 3 0 PTP 1 4_1_0_94
13 0.002132 2 1
12 0.002132 2 1 11
16 0.002162 3 0 PTP 1 2_1_0_99
13 0.002162 2 1
12 0.002162 2 1 11
16 0.002191 3 0 PTP 1 3_1_0_98
13 0.002191 2 1
12 0.002191 2 1 11
16 0.002220 3 0 PTP 1 4_1_0_97
13 0.002220 2 1
12 0.002220 2 1 11
16 0.002249 3 0 PTP 1 2_1_0_102
13 0.002249 2 1
12 0.002249 2 1 11
16 0.002279 3 0 PTP 1 3_1_0_101
13 0.002279 2 1
12 0.002279 2 1 11
16 0.002308 3 0 PTP 1 4_1_0_100
13 0.002308 2 1
12 0.002308 2 1 11
16 0.002337 3 0 PTP 1 2_1_0_104
13 0.002337 2 1
12 0.002337 2 1 11
16 0.002367 3 0 PTP 1 3_1_0_103
13 0.002367 2 1
12 0.002367 2 1 11
16 0.002396 3 0 PTP 1 4_1_0_105
13 0.002396 2 1
12 0.002396 2 1 11
16 0.002425 3 0 PTP 1 2_1_0_106
13 0.002425 2 1
12 0.002425 2 1 11
16 0.002455 3 0 PTP 1 3_1_0_108
13 0.002455 2 1
12 0.002455 2 1 11
16 0.002484 3 0 PTP 1 4_1_0_107
13 0.002484 2 1
12 0.002484 2 1 7
13 0.002508 2 1
12 0.002508 2 1 7
13 0.002532 2 4
13 0.002532 2 3
13 0.002532 2 2
12 0.002532 2 3 7
12 0.002532 2 2 7
12 0.002532 2 4 7
13 0.002556 2 1
12 0.002556 2 1 7
13 0.002580 2 4
13 0.002580 2 3
13 0.002580 2 2
12 0.002580 2 3 7
12 0.002580 2 2 7
12 0.002580 2 4 7
13 0.002603 2 1
12 0.002603 2 1 7
13 0.002627 2 4
13 0.002627 2 3
13 0.002627 2 2
12 0.002627 2 4 7
12 0.002627 2 3 7
12 0.002627 2 2 7
13 0.002651 2 1
12 0.002651 2 1 13
13 0.002651 2 1
7 0.002651 1 1
13 0.002675 2 4
13 0.002675 2 3
13 0.002675 2 2
12 0.002675 2 2 13
13 0.002675 2 2
7 0.002675 1 2
12 0.002675 2 3 13
13 0.002675 2 3
7 0.002675 1 3
12 0.002675 2 4 13
13 0.002675 2 4
7 0.002675 1 4
